0.011 GET /initialize HTTP/1.1 
0.001 GET /css/admin.css HTTP/1.1 
0.001 GET /css/bootstrap.min.css HTTP/1.1 
0.000 GET /css/layout.css HTTP/1.1 
0.000 GET /favicon.ico HTTP/1.1 
0.000 GET /js/admin.js HTTP/1.1 
0.000 GET /js/app.js HTTP/1.1 
0.000 GET /js/bootstrap-waitingfor.min.js HTTP/1.1 
0.000 GET /js/bootstrap.bundle.min.js HTTP/1.1 
0.000 GET /js/fetch.min.js HTTP/1.1 
0.000 GET /js/jquery-3.3.1.slim.min.js HTTP/1.1 
0.000 GET /js/vue.min.js HTTP/1.1 
0.012 POST /api/users HTTP/1.1 
0.002 POST /api/actions/login HTTP/1.1 
0.001 POST /api/users HTTP/1.1 
0.001 POST /api/actions/login HTTP/1.1 
0.000 POST /api/actions/logout HTTP/1.1 
0.000 POST /api/actions/logout HTTP/1.1 
0.001 POST /api/actions/login HTTP/1.1 
0.001 POST /api/actions/login HTTP/1.1 
0.002 POST /api/actions/login HTTP/1.1 
0.497 GET / HTTP/1.1 
0.001 POST /admin/api/actions/login HTTP/1.1 
0.001 GET /api/events/19 HTTP/1.1 
3.945 GET /admin/ HTTP/1.1 
0.001 POST /api/actions/login HTTP/1.1 
0.261 POST /api/events/11/actions/reserve HTTP/1.1 
0.198 DELETE /api/events/11/sheets/C/376/reservation HTTP/1.1 
0.001 POST /api/events/0/actions/reserve HTTP/1.1 
0.194 POST /api/events/11/actions/reserve HTTP/1.1 
0.001 DELETE /api/events/0/sheets/C/133/reservation HTTP/1.1 
0.090 DELETE /api/events/11/sheets/D/133/reservation HTTP/1.1 
0.090 DELETE /api/events/11/sheets/S/67/reservation HTTP/1.1 
0.000 POST /api/events/11/actions/reserve HTTP/1.1 
0.000 DELETE /api/events/11/sheets/C/133/reservation HTTP/1.1 
0.000 POST /admin/api/actions/login HTTP/1.1 
0.000 POST /admin/api/actions/login HTTP/1.1 
0.000 POST /admin/api/actions/logout HTTP/1.1 
0.000 POST /admin/api/actions/logout HTTP/1.1 
0.000 POST /admin/api/actions/login HTTP/1.1 
0.000 POST /admin/api/actions/login HTTP/1.1 
0.000 POST /admin/api/actions/login HTTP/1.1 
0.001 POST /api/actions/login HTTP/1.1 
0.000 POST /admin/api/events HTTP/1.1 
0.196 POST /admin/api/events HTTP/1.1 
0.092 GET /api/events/19 HTTP/1.1 
0.001 GET /admin/api/events/19 HTTP/1.1 
0.088 GET /admin/api/events/19 HTTP/1.1 
0.001 POST /admin/api/events/19/actions/edit HTTP/1.1 
0.198 POST /admin/api/events/19/actions/edit HTTP/1.1 
0.093 GET /api/events/19 HTTP/1.1 
0.088 GET /admin/api/events/19 HTTP/1.1 
0.000 GET /admin/api/events/20 HTTP/1.1 
0.000 GET /api/events/20 HTTP/1.1 
0.000 POST /admin/api/events/20/actions/edit HTTP/1.1 
0.000 POST /api/actions/login HTTP/1.1 
2.138 GET /api/users/4260 HTTP/1.1 
0.002 POST /api/actions/login HTTP/1.1 
0.002 POST /api/actions/login HTTP/1.1 
0.286 DELETE /api/events/10/sheets/A/129/reservation HTTP/1.1 
0.279 POST /api/events/10/actions/reserve HTTP/1.1 
0.001 POST /api/actions/login HTTP/1.1 
0.257 GET /api/events/10 HTTP/1.1 
0.003 POST /admin/api/actions/login HTTP/1.1 
0.007 POST /api/users HTTP/1.1 
0.006 POST /api/actions/login HTTP/1.1 
0.001 POST /api/actions/login HTTP/1.1 
0.001 POST /api/actions/login HTTP/1.1 
0.002 GET /favicon.ico HTTP/1.1 
0.002 GET /js/fetch.min.js HTTP/1.1 
0.004 GET /css/admin.css HTTP/1.1 
0.003 GET /js/admin.js HTTP/1.1 
0.002 GET /css/layout.css HTTP/1.1 
0.008 GET /js/bootstrap.bundle.min.js HTTP/1.1 
0.002 GET /js/bootstrap-waitingfor.min.js HTTP/1.1 
0.001 GET /js/app.js HTTP/1.1 
0.006 GET /js/vue.min.js HTTP/1.1 
0.011 GET /css/bootstrap.min.css HTTP/1.1 
0.004 GET /js/jquery-3.3.1.slim.min.js HTTP/1.1 
0.003 POST /api/actions/login HTTP/1.1 
0.253 DELETE /api/events/10/sheets/C/292/reservation HTTP/1.1 
0.409 GET /admin/api/reports/events/19/sales HTTP/1.1 
0.002 POST /admin/api/actions/login HTTP/1.1 
0.633 GET /admin/api/reports/events/10/sales HTTP/1.1 
0.765 POST /api/events/10/actions/reserve HTTP/1.1 
0.002 POST /api/actions/login HTTP/1.1 
0.002 POST /api/actions/login HTTP/1.1 
0.005 POST /admin/api/actions/login HTTP/1.1 
0.006 POST /api/actions/login HTTP/1.1 
0.614 GET /api/events/10 HTTP/1.1 
0.616 GET /api/events/10 HTTP/1.1 
0.002 GET /css/admin.css HTTP/1.1 
0.618 GET /api/events/10 HTTP/1.1 
0.005 GET /js/bootstrap-waitingfor.min.js HTTP/1.1 
0.007 GET /css/admin.css HTTP/1.1 
0.007 GET /js/fetch.min.js HTTP/1.1 
0.004 GET /favicon.ico HTTP/1.1 
0.010 GET /js/app.js HTTP/1.1 
0.012 GET /admin/ HTTP/1.1 
0.004 GET /js/admin.js HTTP/1.1 
0.005 GET /css/layout.css HTTP/1.1 
0.006 GET /js/app.js HTTP/1.1 
0.012 GET /js/jquery-3.3.1.slim.min.js HTTP/1.1 
0.006 GET /js/admin.js HTTP/1.1 
0.019 GET /js/bootstrap.bundle.min.js HTTP/1.1 
0.006 GET /js/fetch.min.js HTTP/1.1 
0.013 GET /js/vue.min.js HTTP/1.1 
0.009 POST /api/actions/login HTTP/1.1 
0.008 GET /js/jquery-3.3.1.slim.min.js HTTP/1.1 
0.012 GET /css/bootstrap.min.css HTTP/1.1 
0.007 GET /js/vue.min.js HTTP/1.1 
0.010 GET /css/bootstrap.min.css HTTP/1.1 
1.728 GET / HTTP/1.1 
0.012 POST /api/users HTTP/1.1 
0.006 POST /api/actions/login HTTP/1.1 
0.003 POST /api/actions/login HTTP/1.1 
0.004 GET /css/layout.css HTTP/1.1 
0.002 GET /js/bootstrap-waitingfor.min.js HTTP/1.1 
0.004 GET /js/admin.js HTTP/1.1 
0.002 GET /css/admin.css HTTP/1.1 
0.008 GET /js/bootstrap.bundle.min.js HTTP/1.1 
0.002 GET /js/fetch.min.js HTTP/1.1 
0.003 GET /favicon.ico HTTP/1.1 
0.002 GET /css/layout.css HTTP/1.1 
0.003 GET /js/bootstrap-waitingfor.min.js HTTP/1.1 
0.004 GET /js/app.js HTTP/1.1 
0.010 GET /js/bootstrap.bundle.min.js HTTP/1.1 
0.002 GET /favicon.ico HTTP/1.1 
0.017 GET /css/bootstrap.min.css HTTP/1.1 
0.008 GET /js/jquery-3.3.1.slim.min.js HTTP/1.1 
0.012 GET /js/vue.min.js HTTP/1.1 
0.784 GET /api/events/19 HTTP/1.1 
0.680 GET /api/events/10 HTTP/1.1 
0.781 POST /api/events/11/actions/reserve HTTP/1.1 
0.002 POST /admin/api/actions/login HTTP/1.1 
0.004 POST /api/users HTTP/1.1 
0.002 POST /api/actions/login HTTP/1.1 
0.002 POST /api/actions/login HTTP/1.1 
0.567 GET /admin/api/reports/events/11/sales HTTP/1.1 
0.002 POST /api/actions/login HTTP/1.1 
0.577 POST /api/events/11/actions/reserve HTTP/1.1 
0.763 DELETE /api/events/11/sheets/C/35/reservation HTTP/1.1 
0.002 POST /admin/api/actions/login HTTP/1.1 
2.185 GET / HTTP/1.1 
0.004 GET /css/admin.css HTTP/1.1 
0.004 GET /css/layout.css HTTP/1.1 
0.006 GET /favicon.ico HTTP/1.1 
0.008 GET /js/admin.js HTTP/1.1 
0.004 GET /js/bootstrap-waitingfor.min.js HTTP/1.1 
0.007 GET /js/app.js HTTP/1.1 
0.004 GET /js/fetch.min.js HTTP/1.1 
0.011 GET /js/bootstrap.bundle.min.js HTTP/1.1 
0.008 GET /js/jquery-3.3.1.slim.min.js HTTP/1.1 
0.021 GET /css/bootstrap.min.css HTTP/1.1 
0.010 GET /js/vue.min.js HTTP/1.1 
2.235 GET / HTTP/1.1 
0.004 POST /api/actions/login HTTP/1.1 
0.939 GET /api/events/10 HTTP/1.1 
0.003 GET /js/fetch.min.js HTTP/1.1 
0.004 GET /js/admin.js HTTP/1.1 
0.005 GET /favicon.ico HTTP/1.1 
0.005 GET /admin/ HTTP/1.1 
0.002 GET /css/admin.css HTTP/1.1 
0.003 GET /js/app.js HTTP/1.1 
0.011 GET /js/bootstrap.bundle.min.js HTTP/1.1 
0.001 GET /css/layout.css HTTP/1.1 
0.007 POST /api/actions/login HTTP/1.1 
0.009 GET /js/jquery-3.3.1.slim.min.js HTTP/1.1 
0.004 GET /js/bootstrap-waitingfor.min.js HTTP/1.1 
0.015 GET /css/bootstrap.min.css HTTP/1.1 
0.010 GET /js/vue.min.js HTTP/1.1 
0.675 GET /admin/api/reports/events/11/sales HTTP/1.1 
0.006 POST /api/actions/login HTTP/1.1 
0.595 POST /api/events/11/actions/reserve HTTP/1.1 
0.509 POST /api/events/11/actions/reserve HTTP/1.1 
0.001 GET /favicon.ico HTTP/1.1 
0.003 GET /css/admin.css HTTP/1.1 
0.002 GET /css/layout.css HTTP/1.1 
0.003 GET /js/admin.js HTTP/1.1 
0.002 GET /js/fetch.min.js HTTP/1.1 
0.002 GET /js/bootstrap-waitingfor.min.js HTTP/1.1 
0.004 GET /js/app.js HTTP/1.1 
0.006 POST /api/actions/login HTTP/1.1 
0.006 GET /js/bootstrap.bundle.min.js HTTP/1.1 
0.011 GET /css/bootstrap.min.css HTTP/1.1 
0.006 GET /js/jquery-3.3.1.slim.min.js HTTP/1.1 
0.007 GET /js/vue.min.js HTTP/1.1 
0.639 POST /api/events/11/actions/reserve HTTP/1.1 
0.732 GET /api/events/10 HTTP/1.1 
0.002 POST /api/actions/login HTTP/1.1 
0.523 DELETE /api/events/11/sheets/C/493/reservation HTTP/1.1 
0.003 POST /api/actions/login HTTP/1.1 
1.912 GET / HTTP/1.1 
0.002 POST /admin/api/actions/login HTTP/1.1 
0.638 GET /api/events/10 HTTP/1.1 
0.001 GET /css/admin.css HTTP/1.1 
0.003 GET /js/app.js HTTP/1.1 
0.004 GET /js/admin.js HTTP/1.1 
0.002 GET /js/fetch.min.js HTTP/1.1 
0.002 GET /js/bootstrap-waitingfor.min.js HTTP/1.1 
0.008 GET /js/bootstrap.bundle.min.js HTTP/1.1 
0.003 GET /css/layout.css HTTP/1.1 
0.012 GET /css/bootstrap.min.css HTTP/1.1 
0.002 GET /favicon.ico HTTP/1.1 
0.007 GET /js/vue.min.js HTTP/1.1 
0.008 GET /js/jquery-3.3.1.slim.min.js HTTP/1.1 
0.638 GET /api/events/10 HTTP/1.1 
1.812 GET / HTTP/1.1 
0.003 GET /css/admin.css HTTP/1.1 
0.003 GET /js/bootstrap-waitingfor.min.js HTTP/1.1 
0.003 GET /favicon.ico HTTP/1.1 
0.014 POST /api/users HTTP/1.1 
0.004 GET /js/admin.js HTTP/1.1 
0.003 GET /js/app.js HTTP/1.1 
0.010 GET /js/bootstrap.bundle.min.js HTTP/1.1 
0.001 GET /css/layout.css HTTP/1.1 
0.007 GET /js/jquery-3.3.1.slim.min.js HTTP/1.1 
0.003 GET /js/fetch.min.js HTTP/1.1 
0.012 GET /css/bootstrap.min.css HTTP/1.1 
0.007 POST /api/actions/login HTTP/1.1 
0.007 GET /css/layout.css HTTP/1.1 
0.008 GET /css/admin.css HTTP/1.1 
0.005 GET /favicon.ico HTTP/1.1 
0.014 GET /js/vue.min.js HTTP/1.1 
0.007 GET /js/admin.js HTTP/1.1 
0.005 GET /js/app.js HTTP/1.1 
0.004 GET /js/bootstrap-waitingfor.min.js HTTP/1.1 
0.005 GET /js/fetch.min.js HTTP/1.1 
0.011 GET /js/bootstrap.bundle.min.js HTTP/1.1 
0.026 GET /css/bootstrap.min.css HTTP/1.1 
0.008 GET /js/jquery-3.3.1.slim.min.js HTTP/1.1 
0.024 GET /js/vue.min.js HTTP/1.1 
0.920 GET /admin/api/reports/events/10/sales HTTP/1.1 
0.004 POST /api/actions/login HTTP/1.1 
0.599 POST /api/events/11/actions/reserve HTTP/1.1 
0.501 DELETE /api/events/11/sheets/C/53/reservation HTTP/1.1 
0.002 POST /api/actions/login HTTP/1.1 
2.054 GET / HTTP/1.1 
0.002 POST /admin/api/actions/login HTTP/1.1 
8.014 GET /api/users/3290 HTTP/1.1 
0.002 GET /js/fetch.min.js HTTP/1.1 
0.002 GET /js/app.js HTTP/1.1 
0.003 GET /js/bootstrap-waitingfor.min.js HTTP/1.1 
0.005 GET /js/jquery-3.3.1.slim.min.js HTTP/1.1 
0.003 GET /css/admin.css HTTP/1.1 
0.011 GET /js/bootstrap.bundle.min.js HTTP/1.1 
0.005 GET /js/admin.js HTTP/1.1 
0.003 GET /favicon.ico HTTP/1.1 
0.014 GET /css/bootstrap.min.css HTTP/1.1 
0.003 GET /css/layout.css HTTP/1.1 
0.012 GET /js/vue.min.js HTTP/1.1 
1.796 GET / HTTP/1.1 
0.003 POST /admin/api/actions/login HTTP/1.1 
1.824 GET / HTTP/1.1 
0.003 POST /api/actions/login HTTP/1.1 
0.593 GET /admin/api/reports/events/19/sales HTTP/1.1 
0.004 POST /api/actions/login HTTP/1.1 
0.452 GET /admin/api/reports/events/19/sales HTTP/1.1 
0.004 GET /admin/ HTTP/1.1 
0.005 GET /favicon.ico HTTP/1.1 
0.003 GET /js/admin.js HTTP/1.1 
0.008 GET /js/admin.js HTTP/1.1 
0.008 GET /js/app.js HTTP/1.1 
0.009 GET /css/admin.css HTTP/1.1 
0.004 GET /js/bootstrap-waitingfor.min.js HTTP/1.1 
0.006 GET /js/fetch.min.js HTTP/1.1 
0.005 GET /js/app.js HTTP/1.1 
0.005 GET /js/fetch.min.js HTTP/1.1 
0.006 GET /js/bootstrap-waitingfor.min.js HTTP/1.1 
0.010 GET /admin/ HTTP/1.1 
0.006 GET /css/layout.css HTTP/1.1 
0.003 GET /css/layout.css HTTP/1.1 
0.003 GET /css/admin.css HTTP/1.1 
0.018 GET /js/bootstrap.bundle.min.js HTTP/1.1 
0.016 GET /js/bootstrap.bundle.min.js HTTP/1.1 
0.007 GET /admin/ HTTP/1.1 
0.017 GET /js/jquery-3.3.1.slim.min.js HTTP/1.1 
0.005 GET /favicon.ico HTTP/1.1 
0.027 GET /css/bootstrap.min.css HTTP/1.1 
0.018 GET /js/vue.min.js HTTP/1.1 
0.003 GET /css/layout.css HTTP/1.1 
0.017 GET /js/vue.min.js HTTP/1.1 
0.019 GET /css/bootstrap.min.css HTTP/1.1 
0.001 GET /favicon.ico HTTP/1.1 
0.006 POST /api/actions/login HTTP/1.1 
0.015 GET /css/bootstrap.min.css HTTP/1.1 
0.003 GET /js/admin.js HTTP/1.1 
0.004 GET /js/app.js HTTP/1.1 
0.003 GET /js/jquery-3.3.1.slim.min.js HTTP/1.1 
0.003 GET /js/vue.min.js HTTP/1.1 
0.004 GET /js/jquery-3.3.1.slim.min.js HTTP/1.1 
0.002 GET /css/admin.css HTTP/1.1 
0.007 GET /js/fetch.min.js HTTP/1.1 
0.002 GET /js/bootstrap-waitingfor.min.js HTTP/1.1 
0.005 GET /js/bootstrap.bundle.min.js HTTP/1.1 
0.810 GET /api/events/10 HTTP/1.1 
0.002 GET /css/admin.css HTTP/1.1 
0.002 GET /css/layout.css HTTP/1.1 
0.002 GET /js/admin.js HTTP/1.1 
0.003 GET /js/app.js HTTP/1.1 
0.007 GET /admin/ HTTP/1.1 
0.001 GET /favicon.ico HTTP/1.1 
0.003 GET /js/fetch.min.js HTTP/1.1 
0.004 GET /js/bootstrap-waitingfor.min.js HTTP/1.1 
0.009 GET /js/bootstrap.bundle.min.js HTTP/1.1 
0.008 POST /api/actions/login HTTP/1.1 
0.008 GET /js/jquery-3.3.1.slim.min.js HTTP/1.1 
0.016 GET /css/bootstrap.min.css HTTP/1.1 
0.009 GET /js/vue.min.js HTTP/1.1 
0.621 GET /api/events/10 HTTP/1.1 
0.004 POST /api/actions/login HTTP/1.1 
0.755 POST /api/events/11/actions/reserve HTTP/1.1 
0.005 POST /api/users HTTP/1.1 
0.003 POST /api/actions/login HTTP/1.1 
0.003 POST /api/actions/login HTTP/1.1 
0.745 GET /api/events/10 HTTP/1.1 
0.676 GET /api/events/10 HTTP/1.1 
0.004 GET /js/fetch.min.js HTTP/1.1 
0.004 GET /css/layout.css HTTP/1.1 
0.007 GET /js/admin.js HTTP/1.1 
0.003 GET /js/app.js HTTP/1.1 
0.003 GET /css/admin.css HTTP/1.1 
0.010 GET /admin/ HTTP/1.1 
0.012 POST /api/actions/login HTTP/1.1 
0.004 GET /js/bootstrap-waitingfor.min.js HTTP/1.1 
0.012 GET /js/bootstrap.bundle.min.js HTTP/1.1 
0.002 GET /favicon.ico HTTP/1.1 
0.015 GET /css/bootstrap.min.css HTTP/1.1 
0.006 GET /js/jquery-3.3.1.slim.min.js HTTP/1.1 
0.006 GET /js/vue.min.js HTTP/1.1 
0.008 POST /api/users HTTP/1.1 
0.004 POST /api/actions/login HTTP/1.1 
0.003 GET /css/layout.css HTTP/1.1 
0.003 GET /favicon.ico HTTP/1.1 
0.004 GET /js/admin.js HTTP/1.1 
0.005 GET /css/admin.css HTTP/1.1 
0.003 GET /js/bootstrap-waitingfor.min.js HTTP/1.1 
0.005 GET /js/app.js HTTP/1.1 
0.004 GET /js/fetch.min.js HTTP/1.1 
0.008 GET /js/bootstrap.bundle.min.js HTTP/1.1 
0.016 GET /css/bootstrap.min.css HTTP/1.1 
0.006 GET /js/jquery-3.3.1.slim.min.js HTTP/1.1 
0.006 GET /js/vue.min.js HTTP/1.1 
2.158 GET / HTTP/1.1 
0.003 POST /api/actions/login HTTP/1.1 
0.499 GET /api/events/10 HTTP/1.1 
0.002 GET /css/admin.css HTTP/1.1 
0.003 GET /favicon.ico HTTP/1.1 
0.005 GET /js/app.js HTTP/1.1 
0.006 GET /admin/ HTTP/1.1 
0.005 GET /js/admin.js HTTP/1.1 
0.003 GET /css/layout.css HTTP/1.1 
0.002 GET /js/fetch.min.js HTTP/1.1 
0.003 GET /js/bootstrap-waitingfor.min.js HTTP/1.1 
0.007 POST /api/actions/login HTTP/1.1 
0.015 GET /css/bootstrap.min.css HTTP/1.1 
0.008 GET /js/vue.min.js HTTP/1.1 
0.008 GET /js/jquery-3.3.1.slim.min.js HTTP/1.1 
0.010 GET /js/bootstrap.bundle.min.js HTTP/1.1 
0.004 POST /admin/api/actions/login HTTP/1.1 
2.171 GET / HTTP/1.1 
0.003 POST /api/actions/login HTTP/1.1 
0.786 GET /admin/api/reports/events/19/sales HTTP/1.1 
0.864 GET /api/events/19 HTTP/1.1 
0.006 POST /api/users HTTP/1.1 
0.005 POST /api/actions/login HTTP/1.1 
0.004 POST /api/users HTTP/1.1 
0.006 POST /admin/api/actions/login HTTP/1.1 
0.003 POST /admin/api/actions/login HTTP/1.1 
0.004 POST /admin/api/actions/logout HTTP/1.1 
0.004 POST /admin/api/actions/logout HTTP/1.1 
0.006 POST /admin/api/actions/login HTTP/1.1 
0.003 POST /admin/api/actions/login HTTP/1.1 
0.005 POST /api/actions/login HTTP/1.1 
0.002 POST /api/actions/logout HTTP/1.1 
0.004 POST /api/actions/logout HTTP/1.1 
0.005 POST /api/actions/login HTTP/1.1 
0.003 POST /api/actions/login HTTP/1.1 
0.005 POST /api/actions/login HTTP/1.1 
0.002 POST /admin/api/events HTTP/1.1 
0.914 POST /api/events/11/actions/reserve HTTP/1.1 
0.003 POST /api/actions/login HTTP/1.1 
0.747 POST /admin/api/events HTTP/1.1 
0.662 POST /api/events/11/actions/reserve HTTP/1.1 
0.671 GET /api/events/20 HTTP/1.1 
0.001 GET /admin/api/events/20 HTTP/1.1 
0.777 DELETE /api/events/11/sheets/C/145/reservation HTTP/1.1 
0.003 GET /css/layout.css HTTP/1.1 
0.005 GET /css/admin.css HTTP/1.1 
0.005 GET /favicon.ico HTTP/1.1 
0.006 GET /js/admin.js HTTP/1.1 
0.002 GET /js/app.js HTTP/1.1 
0.004 GET /js/bootstrap-waitingfor.min.js HTTP/1.1 
0.002 GET /js/fetch.min.js HTTP/1.1 
0.009 GET /js/bootstrap.bundle.min.js HTTP/1.1 
0.018 GET /css/bootstrap.min.css HTTP/1.1 
0.009 GET /js/jquery-3.3.1.slim.min.js HTTP/1.1 
0.009 GET /js/vue.min.js HTTP/1.1 
0.840 GET /admin/api/events/20 HTTP/1.1 
0.001 POST /admin/api/events/20/actions/edit HTTP/1.1 
14.626 GET /admin/ HTTP/1.1 
8.368 GET /api/users/304 HTTP/1.1 
0.004 POST /api/actions/login HTTP/1.1 
1.333 POST /admin/api/events/20/actions/edit HTTP/1.1 
0.532 GET /api/events/20 HTTP/1.1 
2.434 GET / HTTP/1.1 
0.002 POST /api/actions/login HTTP/1.1 
0.565 GET /admin/api/events/20 HTTP/1.1 
0.003 GET /admin/api/events/21 HTTP/1.1 
0.001 GET /api/events/21 HTTP/1.1 
0.002 POST /admin/api/events/21/actions/edit HTTP/1.1 
8.505 GET /api/users/3515 HTTP/1.1 
0.002 GET /favicon.ico HTTP/1.1 
0.003 GET /css/layout.css HTTP/1.1 
0.005 GET /css/admin.css HTTP/1.1 
0.008 GET /admin/ HTTP/1.1 
0.008 GET /js/admin.js HTTP/1.1 
0.003 GET /js/bootstrap-waitingfor.min.js HTTP/1.1 
0.007 GET /js/app.js HTTP/1.1 
0.005 GET /js/fetch.min.js HTTP/1.1 
0.007 POST /api/actions/login HTTP/1.1 
0.016 GET /css/bootstrap.min.css HTTP/1.1 
0.008 GET /js/bootstrap.bundle.min.js HTTP/1.1 
0.006 GET /js/jquery-3.3.1.slim.min.js HTTP/1.1 
0.007 GET /js/vue.min.js HTTP/1.1 
0.638 GET /api/events/10 HTTP/1.1 
0.004 POST /api/actions/login HTTP/1.1 
0.617 GET /api/events/10 HTTP/1.1 
0.745 GET /admin/api/reports/events/11/sales HTTP/1.1 
0.003 GET /js/app.js HTTP/1.1 
0.003 GET /js/fetch.min.js HTTP/1.1 
0.002 GET /favicon.ico HTTP/1.1 
0.007 GET /js/admin.js HTTP/1.1 
0.003 GET /css/layout.css HTTP/1.1 
0.003 GET /js/bootstrap-waitingfor.min.js HTTP/1.1 
0.014 GET /js/bootstrap.bundle.min.js HTTP/1.1 
0.015 GET /css/bootstrap.min.css HTTP/1.1 
0.004 GET /css/admin.css HTTP/1.1 
0.008 GET /js/jquery-3.3.1.slim.min.js HTTP/1.1 
0.007 GET /js/vue.min.js HTTP/1.1 
0.002 GET /css/admin.css HTTP/1.1 
0.005 GET /css/bootstrap.min.css HTTP/1.1 
0.001 GET /css/layout.css HTTP/1.1 
0.001 GET /favicon.ico HTTP/1.1 
0.002 GET /js/admin.js HTTP/1.1 
0.001 GET /js/app.js HTTP/1.1 
0.001 GET /js/bootstrap-waitingfor.min.js HTTP/1.1 
0.002 GET /js/bootstrap.bundle.min.js HTTP/1.1 
0.002 GET /js/fetch.min.js HTTP/1.1 
0.004 GET /js/jquery-3.3.1.slim.min.js HTTP/1.1 
0.005 GET /js/vue.min.js HTTP/1.1 
0.003 POST /api/actions/login HTTP/1.1 
0.636 GET /api/events/10 HTTP/1.1 
0.003 GET /css/layout.css HTTP/1.1 
0.003 GET /favicon.ico HTTP/1.1 
0.003 GET /js/bootstrap-waitingfor.min.js HTTP/1.1 
0.002 GET /js/fetch.min.js HTTP/1.1 
0.001 GET /css/admin.css HTTP/1.1 
0.011 GET /js/bootstrap.bundle.min.js HTTP/1.1 
0.009 GET /js/vue.min.js HTTP/1.1 
0.004 GET /js/admin.js HTTP/1.1 
0.003 GET /js/app.js HTTP/1.1 
0.009 GET /js/jquery-3.3.1.slim.min.js HTTP/1.1 
0.018 GET /css/bootstrap.min.css HTTP/1.1 
8.403 GET /api/users/2804 HTTP/1.1 
0.003 POST /api/actions/login HTTP/1.1 
8.592 GET /api/users/2816 HTTP/1.1 
0.007 POST /api/users HTTP/1.1 
0.003 POST /api/actions/login HTTP/1.1 
0.003 POST /api/actions/login HTTP/1.1 
0.601 GET /api/events/10 HTTP/1.1 
0.007 POST /api/users HTTP/1.1 
0.004 POST /api/actions/login HTTP/1.1 
0.004 POST /api/actions/login HTTP/1.1 
0.556 GET /api/events/10 HTTP/1.1 
0.003 POST /api/actions/login HTTP/1.1 
0.558 POST /api/events/11/actions/reserve HTTP/1.1 
2.422 GET / HTTP/1.1 
0.003 POST /api/actions/login HTTP/1.1 
2.285 GET / HTTP/1.1 
0.003 POST /api/actions/login HTTP/1.1 
0.725 DELETE /api/events/11/sheets/C/453/reservation HTTP/1.1 
0.004 POST /api/users HTTP/1.1 
0.003 POST /api/actions/login HTTP/1.1 
0.004 POST /api/actions/login HTTP/1.1 
0.775 GET /api/events/10 HTTP/1.1 
0.771 POST /api/events/11/actions/reserve HTTP/1.1 
0.003 POST /admin/api/actions/login HTTP/1.1 
1.413 GET /admin/api/reports/events/10/sales HTTP/1.1 
0.005 POST /api/actions/login HTTP/1.1 
1.223 GET /api/events/19 HTTP/1.1 
1.085 GET /admin/api/reports/events/19/sales HTTP/1.1 
0.002 POST /api/actions/login HTTP/1.1 
0.720 POST /api/events/11/actions/reserve HTTP/1.1 
0.702 DELETE /api/events/11/sheets/C/338/reservation HTTP/1.1 
0.003 POST /api/actions/login HTTP/1.1 
8.681 GET /api/users/1678 HTTP/1.1 
0.004 POST /api/actions/login HTTP/1.1 
0.749 POST /api/events/11/actions/reserve HTTP/1.1 
0.004 POST /api/actions/login HTTP/1.1 
0.784 GET /api/events/10 HTTP/1.1 
0.677 GET /api/events/10 HTTP/1.1 
0.003 POST /api/actions/login HTTP/1.1 
0.011 POST /api/users HTTP/1.1 
0.003 POST /api/actions/login HTTP/1.1 
0.003 POST /api/actions/login HTTP/1.1 
0.613 GET /api/events/10 HTTP/1.1 
0.605 GET /api/events/10 HTTP/1.1 
0.005 GET /css/admin.css HTTP/1.1 
0.006 GET /favicon.ico HTTP/1.1 
0.008 GET /js/app.js HTTP/1.1 
0.009 GET /js/bootstrap-waitingfor.min.js HTTP/1.1 
0.009 GET /js/admin.js HTTP/1.1 
0.014 GET /admin/ HTTP/1.1 
0.005 GET /js/fetch.min.js HTTP/1.1 
0.002 GET /css/layout.css HTTP/1.1 
0.010 GET /js/bootstrap.bundle.min.js HTTP/1.1 
0.007 GET /js/vue.min.js HTTP/1.1 
0.011 POST /api/actions/login HTTP/1.1 
0.006 POST /api/actions/login HTTP/1.1 
0.010 GET /js/jquery-3.3.1.slim.min.js HTTP/1.1 
0.012 GET /css/bootstrap.min.css HTTP/1.1 
8.188 GET /api/users/4686 HTTP/1.1 
0.003 POST /admin/api/actions/login HTTP/1.1 
0.750 POST /api/events/11/actions/reserve HTTP/1.1 
0.002 GET /favicon.ico HTTP/1.1 
0.004 GET /css/admin.css HTTP/1.1 
0.005 GET /css/layout.css HTTP/1.1 
0.006 GET /js/admin.js HTTP/1.1 
0.009 GET /admin/ HTTP/1.1 
0.007 GET /js/app.js HTTP/1.1 
0.020 GET /js/bootstrap-waitingfor.min.js HTTP/1.1 
0.019 GET /js/fetch.min.js HTTP/1.1 
0.019 GET /js/admin.js HTTP/1.1 
0.004 GET /js/fetch.min.js HTTP/1.1 
0.005 GET /js/bootstrap-waitingfor.min.js HTTP/1.1 
0.029 GET /js/bootstrap.bundle.min.js HTTP/1.1 
0.003 GET /css/admin.css HTTP/1.1 
0.039 GET /css/bootstrap.min.css HTTP/1.1 
0.012 GET /js/bootstrap.bundle.min.js HTTP/1.1 
0.019 GET /js/vue.min.js HTTP/1.1 
0.001 GET /css/layout.css HTTP/1.1 
0.018 GET /js/jquery-3.3.1.slim.min.js HTTP/1.1 
0.003 GET /favicon.ico HTTP/1.1 
0.016 GET /js/vue.min.js HTTP/1.1 
0.017 GET /js/jquery-3.3.1.slim.min.js HTTP/1.1 
0.012 GET /css/bootstrap.min.css HTTP/1.1 
0.762 GET /admin/api/reports/events/20/sales HTTP/1.1 
0.006 GET /js/app.js HTTP/1.1 
0.005 POST /api/actions/login HTTP/1.1 
8.615 GET /api/users/3111 HTTP/1.1 
0.002 POST /admin/api/actions/login HTTP/1.1 
0.744 POST /api/events/11/actions/reserve HTTP/1.1 
0.662 GET /admin/api/reports/events/11/sales HTTP/1.1 
0.003 POST /api/actions/login HTTP/1.1 
0.610 DELETE /api/events/11/sheets/C/40/reservation HTTP/1.1 
0.004 POST /api/events/0/actions/reserve HTTP/1.1 
0.666 POST /api/events/11/actions/reserve HTTP/1.1 
0.003 POST /api/actions/login HTTP/1.1 
0.584 POST /api/events/11/actions/reserve HTTP/1.1 
0.003 DELETE /api/events/0/sheets/C/58/reservation HTTP/1.1 
9.346 GET /api/users/1140 HTTP/1.1 
0.001 GET /css/layout.css HTTP/1.1 
0.002 GET /css/admin.css HTTP/1.1 
0.004 GET /favicon.ico HTTP/1.1 
0.004 GET /js/app.js HTTP/1.1 
0.005 GET /js/bootstrap-waitingfor.min.js HTTP/1.1 
0.004 GET /js/fetch.min.js HTTP/1.1 
0.002 GET /js/admin.js HTTP/1.1 
0.009 GET /js/bootstrap.bundle.min.js HTTP/1.1 
0.012 GET /js/jquery-3.3.1.slim.min.js HTTP/1.1 
0.010 GET /js/vue.min.js HTTP/1.1 
0.017 GET /css/bootstrap.min.css HTTP/1.1 
2.881 GET / HTTP/1.1 
0.003 POST /api/actions/login HTTP/1.1 
0.721 DELETE /api/events/11/sheets/D/58/reservation HTTP/1.1 
0.621 POST /api/events/11/actions/reserve HTTP/1.1 
0.604 DELETE /api/events/11/sheets/S/69/reservation HTTP/1.1 
0.001 POST /api/events/11/actions/reserve HTTP/1.1 
0.002 DELETE /api/events/11/sheets/C/58/reservation HTTP/1.1 
0.002 POST /admin/api/actions/login HTTP/1.1 
0.776 DELETE /api/events/11/sheets/C/363/reservation HTTP/1.1 
0.003 POST /admin/api/actions/login HTTP/1.1 
1.421 GET /admin/api/reports/events/10/sales HTTP/1.1 
0.004 POST /admin/api/actions/login HTTP/1.1 
9.398 GET /api/users/2506 HTTP/1.1 
0.010 POST /api/users HTTP/1.1 
0.018 POST /api/actions/login HTTP/1.1 
0.008 POST /api/users HTTP/1.1 
0.003 POST /api/actions/login HTTP/1.1 
0.006 POST /api/users HTTP/1.1 
0.005 POST /api/actions/login HTTP/1.1 
0.007 GET /js/fetch.min.js HTTP/1.1 
0.005 GET /js/admin.js HTTP/1.1 
0.007 GET /css/layout.css HTTP/1.1 
0.004 GET /js/bootstrap-waitingfor.min.js HTTP/1.1 
0.005 GET /favicon.ico HTTP/1.1 
0.015 GET /js/bootstrap.bundle.min.js HTTP/1.1 
0.005 GET /js/app.js HTTP/1.1 
0.006 GET /css/admin.css HTTP/1.1 
0.025 GET /css/bootstrap.min.css HTTP/1.1 
0.009 GET /js/jquery-3.3.1.slim.min.js HTTP/1.1 
0.009 GET /js/vue.min.js HTTP/1.1 
1.326 GET /admin/api/reports/events/20/sales HTTP/1.1 
0.002 POST /api/actions/login HTTP/1.1 
1.360 GET /api/events/19 HTTP/1.1 
0.833 GET /api/events/10 HTTP/1.1 
0.003 GET /css/admin.css HTTP/1.1 
0.004 GET /js/app.js HTTP/1.1 
0.005 GET /js/bootstrap-waitingfor.min.js HTTP/1.1 
0.006 GET /js/admin.js HTTP/1.1 
0.004 GET /js/fetch.min.js HTTP/1.1 
0.005 GET /js/vue.min.js HTTP/1.1 
0.003 GET /css/layout.css HTTP/1.1 
0.010 GET /js/bootstrap.bundle.min.js HTTP/1.1 
0.015 GET /css/bootstrap.min.css HTTP/1.1 
0.010 GET /js/jquery-3.3.1.slim.min.js HTTP/1.1 
0.002 GET /favicon.ico HTTP/1.1 
3.747 GET / HTTP/1.1 
0.002 GET /css/layout.css HTTP/1.1 
0.004 GET /css/admin.css HTTP/1.1 
0.004 GET /favicon.ico HTTP/1.1 
0.004 GET /js/admin.js HTTP/1.1 
0.004 GET /js/app.js HTTP/1.1 
0.003 GET /js/bootstrap-waitingfor.min.js HTTP/1.1 
0.004 GET /js/fetch.min.js HTTP/1.1 
0.011 GET /js/bootstrap.bundle.min.js HTTP/1.1 
0.019 GET /css/bootstrap.min.css HTTP/1.1 
0.010 GET /js/jquery-3.3.1.slim.min.js HTTP/1.1 
0.010 GET /js/vue.min.js HTTP/1.1 
0.152 POST /admin/api/actions/login HTTP/1.1 
0.005 POST /api/actions/login HTTP/1.1 
7.415 GET /admin/api/reports/sales HTTP/1.1 
3.631 GET /admin/api/reports/events/19/sales HTTP/1.1 
0.002 POST /api/actions/login HTTP/1.1 
1.057 GET /api/events/10 HTTP/1.1 
0.004 POST /api/actions/login HTTP/1.1 
14.588 GET /api/users/1451 HTTP/1.1 
0.857 GET /admin/api/reports/events/20/sales HTTP/1.1 
7.836 GET / HTTP/1.1 
7.719 GET / HTTP/1.1 
0.004 POST /api/actions/login HTTP/1.1 
0.004 POST /api/actions/login HTTP/1.1 
1.010 POST /api/events/11/actions/reserve HTTP/1.1 
0.001 GET /js/bootstrap-waitingfor.min.js HTTP/1.1 
0.005 GET /js/admin.js HTTP/1.1 
0.007 GET /favicon.ico HTTP/1.1 
0.006 GET /css/layout.css HTTP/1.1 
0.009 GET /css/admin.css HTTP/1.1 
0.006 GET /js/app.js HTTP/1.1 
0.006 GET /js/fetch.min.js HTTP/1.1 
0.010 GET /js/jquery-3.3.1.slim.min.js HTTP/1.1 
0.010 GET /js/bootstrap.bundle.min.js HTTP/1.1 
0.011 GET /js/vue.min.js HTTP/1.1 
0.015 GET /css/bootstrap.min.css HTTP/1.1 
0.888 POST /api/events/11/actions/reserve HTTP/1.1 
0.004 GET /favicon.ico HTTP/1.1 
0.005 GET /css/layout.css HTTP/1.1 
0.006 GET /js/bootstrap-waitingfor.min.js HTTP/1.1 
0.007 GET /css/admin.css HTTP/1.1 
0.005 GET /js/admin.js HTTP/1.1 
0.003 GET /js/fetch.min.js HTTP/1.1 
0.009 GET /js/app.js HTTP/1.1 
0.013 GET /js/jquery-3.3.1.slim.min.js HTTP/1.1 
0.014 GET /js/bootstrap.bundle.min.js HTTP/1.1 
0.023 GET /css/bootstrap.min.css HTTP/1.1 
0.012 GET /js/vue.min.js HTTP/1.1 
1.153 POST /api/events/11/actions/reserve HTTP/1.1 
0.007 POST /api/users HTTP/1.1 
0.004 POST /api/actions/login HTTP/1.1 
0.001 GET /favicon.ico HTTP/1.1 
0.032 GET /css/layout.css HTTP/1.1 
0.039 GET /css/admin.css HTTP/1.1 
0.005 GET /js/app.js HTTP/1.1 
0.009 GET /js/bootstrap-waitingfor.min.js HTTP/1.1 
0.045 GET /js/admin.js HTTP/1.1 
0.007 GET /js/fetch.min.js HTTP/1.1 
0.011 GET /js/bootstrap.bundle.min.js HTTP/1.1 
0.024 GET /css/bootstrap.min.css HTTP/1.1 
0.014 GET /js/vue.min.js HTTP/1.1 
0.014 GET /js/jquery-3.3.1.slim.min.js HTTP/1.1 
1.123 GET /api/events/19 HTTP/1.1 
1.381 GET /api/events/10 HTTP/1.1 
0.004 GET /js/admin.js HTTP/1.1 
0.006 GET /js/bootstrap-waitingfor.min.js HTTP/1.1 
0.008 GET /css/admin.css HTTP/1.1 
0.012 GET /js/app.js HTTP/1.1 
0.004 GET /js/fetch.min.js HTTP/1.1 
0.002 GET /css/layout.css HTTP/1.1 
0.012 GET /js/bootstrap.bundle.min.js HTTP/1.1 
0.007 GET /favicon.ico HTTP/1.1 
0.015 GET /js/jquery-3.3.1.slim.min.js HTTP/1.1 
0.013 GET /js/vue.min.js HTTP/1.1 
0.030 GET /css/bootstrap.min.css HTTP/1.1 
0.007 POST /api/actions/login HTTP/1.1 
15.905 GET /api/users/1314 HTTP/1.1 
4.265 GET / HTTP/1.1 
0.005 POST /admin/api/actions/login HTTP/1.1 
4.179 GET / HTTP/1.1 
0.003 POST /admin/api/actions/login HTTP/1.1 
4.229 GET / HTTP/1.1 
0.007 POST /api/actions/login HTTP/1.1 
1.006 GET /admin/api/reports/events/19/sales HTTP/1.1 
4.079 GET / HTTP/1.1 
3.879 GET / HTTP/1.1 
0.005 GET /js/app.js HTTP/1.1 
0.010 GET /favicon.ico HTTP/1.1 
0.011 GET /css/admin.css HTTP/1.1 
0.011 GET /js/admin.js HTTP/1.1 
0.013 GET /admin/ HTTP/1.1 
0.003 GET /js/bootstrap-waitingfor.min.js HTTP/1.1 
0.007 GET /css/layout.css HTTP/1.1 
0.007 GET /js/fetch.min.js HTTP/1.1 
0.015 POST /api/actions/login HTTP/1.1 
0.024 GET /css/bootstrap.min.css HTTP/1.1 
0.012 GET /js/jquery-3.3.1.slim.min.js HTTP/1.1 
0.010 POST /api/actions/login HTTP/1.1 
0.011 GET /js/bootstrap.bundle.min.js HTTP/1.1 
0.010 GET /js/vue.min.js HTTP/1.1 
1.019 GET /api/events/10 HTTP/1.1 
0.006 GET /css/admin.css HTTP/1.1 
0.008 GET /js/app.js HTTP/1.1 
0.009 GET /favicon.ico HTTP/1.1 
0.009 GET /css/layout.css HTTP/1.1 
0.004 GET /js/admin.js HTTP/1.1 
0.003 GET /js/bootstrap-waitingfor.min.js HTTP/1.1 
0.004 GET /js/fetch.min.js HTTP/1.1 
0.009 GET /js/bootstrap.bundle.min.js HTTP/1.1 
0.022 GET /css/bootstrap.min.css HTTP/1.1 
0.010 GET /js/jquery-3.3.1.slim.min.js HTTP/1.1 
0.011 GET /js/vue.min.js HTTP/1.1 
1.458 GET /admin/api/reports/events/10/sales HTTP/1.1 
0.005 GET /css/admin.css HTTP/1.1 
0.006 GET /js/app.js HTTP/1.1 
0.005 GET /js/fetch.min.js HTTP/1.1 
0.003 GET /favicon.ico HTTP/1.1 
0.004 GET /js/bootstrap-waitingfor.min.js HTTP/1.1 
0.012 GET /js/jquery-3.3.1.slim.min.js HTTP/1.1 
0.005 GET /css/layout.css HTTP/1.1 
0.005 GET /js/admin.js HTTP/1.1 
0.016 GET /css/bootstrap.min.css HTTP/1.1 
0.006 GET /js/bootstrap.bundle.min.js HTTP/1.1 
0.013 GET /js/vue.min.js HTTP/1.1 
1.262 GET /api/events/10 HTTP/1.1 
0.006 POST /api/actions/login HTTP/1.1 
0.719 GET /api/events/10 HTTP/1.1 
0.003 POST /api/actions/login HTTP/1.1 
0.794 POST /api/events/11/actions/reserve HTTP/1.1 
0.003 POST /api/actions/login HTTP/1.1 
3.277 GET / HTTP/1.1 
3.207 GET / HTTP/1.1 
0.003 POST /api/actions/login HTTP/1.1 
2.830 GET / HTTP/1.1 
0.003 POST /api/actions/login HTTP/1.1 
0.790 GET /api/events/10 HTTP/1.1 
0.002 GET /css/admin.css HTTP/1.1 
0.003 GET /favicon.ico HTTP/1.1 
0.006 GET /js/app.js HTTP/1.1 
0.002 GET /js/fetch.min.js HTTP/1.1 
0.005 GET /js/admin.js HTTP/1.1 
0.004 GET /css/layout.css HTTP/1.1 
0.004 GET /js/bootstrap-waitingfor.min.js HTTP/1.1 
0.005 GET /js/bootstrap.bundle.min.js HTTP/1.1 
0.009 GET /js/vue.min.js HTTP/1.1 
0.007 GET /js/jquery-3.3.1.slim.min.js HTTP/1.1 
0.016 GET /css/bootstrap.min.css HTTP/1.1 
0.847 GET /admin/api/reports/events/19/sales HTTP/1.1 
0.744 GET /api/events/10 HTTP/1.1 
0.812 POST /api/events/11/actions/reserve HTTP/1.1 
0.003 POST /admin/api/actions/login HTTP/1.1 
0.603 GET /api/events/19 HTTP/1.1 
2.306 GET / HTTP/1.1 
9.831 GET /api/users/4663 HTTP/1.1 
7.143 GET /api/users/3660 HTTP/1.1 
21.535 GET /admin/ HTTP/1.1 
6.402 GET /admin/api/reports/sales HTTP/1.1 
0.174 GET /api/events/19 HTTP/1.1 
0.112 GET /api/events/19 HTTP/1.1 
0.134 GET /api/events/19 HTTP/1.1 
0.145 GET /api/events/19 HTTP/1.1 
0.114 GET /api/events/19 HTTP/1.1 
0.147 GET /api/events/19 HTTP/1.1 
0.122 GET /api/events/19 HTTP/1.1 
0.110 GET /api/events/19 HTTP/1.1 
0.118 GET /api/events/19 HTTP/1.1 
0.118 GET /api/events/19 HTTP/1.1 
0.124 GET /api/events/19 HTTP/1.1 
0.130 GET /api/events/19 HTTP/1.1 
0.167 GET /api/events/19 HTTP/1.1 
0.103 GET /api/events/19 HTTP/1.1 
0.152 GET /api/events/19 HTTP/1.1 
0.167 GET /api/events/19 HTTP/1.1 
0.197 GET /api/events/19 HTTP/1.1 
0.145 GET /api/events/19 HTTP/1.1 
0.125 GET /api/events/19 HTTP/1.1 
0.113 GET /api/events/19 HTTP/1.1 
0.185 GET /api/events/19 HTTP/1.1 
0.154 GET /api/events/19 HTTP/1.1 
0.145 GET /api/events/19 HTTP/1.1 
0.141 GET /api/events/19 HTTP/1.1 
0.124 GET /api/events/19 HTTP/1.1 
0.150 GET /api/events/19 HTTP/1.1 
0.112 GET /api/events/19 HTTP/1.1 
0.132 GET /api/events/19 HTTP/1.1 
0.104 GET /api/events/19 HTTP/1.1 
0.124 GET /api/events/19 HTTP/1.1 
0.130 GET /api/events/19 HTTP/1.1 
0.108 GET /api/events/19 HTTP/1.1 
0.151 GET /api/events/19 HTTP/1.1 
0.142 GET /api/events/19 HTTP/1.1 
0.156 GET /api/events/19 HTTP/1.1 
0.123 GET /api/events/19 HTTP/1.1 
0.114 GET /api/events/19 HTTP/1.1 
0.144 GET /api/events/19 HTTP/1.1 
0.122 GET /api/events/19 HTTP/1.1 
0.143 GET /api/events/19 HTTP/1.1 
0.135 GET /api/events/19 HTTP/1.1 
0.108 GET /api/events/19 HTTP/1.1 
